CRITICAL - 2020-10-11 00:09:12 --> Declaration of App\Controllers\DashboardController::show($id) should be compatible with CodeIgniter\RESTful\ResourceController::show($id = NULL)
#0 /home/raydragneel/herayaf/codeigniter/gendis_desa/app/Controllers/DashboardController.php(5): CodeIgniter\Debug\Exceptions->errorHandler()
#1 /home/raydragneel/herayaf/codeigniter/gendis_desa/system/Autoloader/Autoloader.php(365): require_once('/home/raydragne...')
#2 /home/raydragneel/herayaf/codeigniter/gendis_desa/system/Autoloader/Autoloader.php(296): CodeIgniter\Autoloader\Autoloader->requireFile()
#3 /home/raydragneel/herayaf/codeigniter/gendis_desa/system/Autoloader/Autoloader.php(258): CodeIgniter\Autoloader\Autoloader->loadInNamespace()
#4 [internal function]: CodeIgniter\Autoloader\Autoloader->loadClass()
#5 [internal function]: spl_autoload_call()
#6 /home/raydragneel/herayaf/codeigniter/gendis_desa/system/CodeIgniter.php(869): class_exists()
#7 /home/raydragneel/herayaf/codeigniter/gendis_desa/system/CodeIgniter.php(394): CodeIgniter\CodeIgniter->startController()
#8 /home/raydragneel/herayaf/codeigniter/gendis_desa/system/CodeIgniter.php(312): CodeIgniter\CodeIgniter->handleRequest()
#9 /home/raydragneel/herayaf/codeigniter/gendis_desa/public/index.php(45): CodeIgniter\CodeIgniter->run()
#10 /home/raydragneel/herayaf/codeigniter/gendis_desa/system/Commands/Server/rewrite.php(34): require_once('/home/raydragne...')
#11 {main}
CRITICAL - 2020-10-11 00:10:23 --> Declaration of App\Controllers\DashboardController::show($id) should be compatible with CodeIgniter\RESTful\ResourceController::show($id = NULL)
#0 /home/raydragneel/herayaf/codeigniter/gendis_desa/app/Controllers/DashboardController.php(5): CodeIgniter\Debug\Exceptions->errorHandler()
#1 /home/raydragneel/herayaf/codeigniter/gendis_desa/system/Autoloader/Autoloader.php(365): require_once('/home/raydragne...')
#2 /home/raydragneel/herayaf/codeigniter/gendis_desa/system/Autoloader/Autoloader.php(296): CodeIgniter\Autoloader\Autoloader->requireFile()
#3 /home/raydragneel/herayaf/codeigniter/gendis_desa/system/Autoloader/Autoloader.php(258): CodeIgniter\Autoloader\Autoloader->loadInNamespace()
#4 [internal function]: CodeIgniter\Autoloader\Autoloader->loadClass()
#5 [internal function]: spl_autoload_call()
#6 /home/raydragneel/herayaf/codeigniter/gendis_desa/system/CodeIgniter.php(869): class_exists()
#7 /home/raydragneel/herayaf/codeigniter/gendis_desa/system/CodeIgniter.php(394): CodeIgniter\CodeIgniter->startController()
#8 /home/raydragneel/herayaf/codeigniter/gendis_desa/system/CodeIgniter.php(312): CodeIgniter\CodeIgniter->handleRequest()
#9 /home/raydragneel/herayaf/codeigniter/gendis_desa/public/index.php(45): CodeIgniter\CodeIgniter->run()
#10 /home/raydragneel/herayaf/codeigniter/gendis_desa/system/Commands/Server/rewrite.php(34): require_once('/home/raydragne...')
#11 {main}
CRITICAL - 2020-10-11 00:12:38 --> Declaration of App\Controllers\DashboardController::show() should be compatible with CodeIgniter\RESTful\ResourceController::show($id = NULL)
#0 /home/raydragneel/herayaf/codeigniter/gendis_desa/app/Controllers/DashboardController.php(5): CodeIgniter\Debug\Exceptions->errorHandler()
#1 /home/raydragneel/herayaf/codeigniter/gendis_desa/system/Autoloader/Autoloader.php(365): require_once('/home/raydragne...')
#2 /home/raydragneel/herayaf/codeigniter/gendis_desa/system/Autoloader/Autoloader.php(296): CodeIgniter\Autoloader\Autoloader->requireFile()
#3 /home/raydragneel/herayaf/codeigniter/gendis_desa/system/Autoloader/Autoloader.php(258): CodeIgniter\Autoloader\Autoloader->loadInNamespace()
#4 [internal function]: CodeIgniter\Autoloader\Autoloader->loadClass()
#5 [internal function]: spl_autoload_call()
#6 /home/raydragneel/herayaf/codeigniter/gendis_desa/system/CodeIgniter.php(869): class_exists()
#7 /home/raydragneel/herayaf/codeigniter/gendis_desa/system/CodeIgniter.php(394): CodeIgniter\CodeIgniter->startController()
#8 /home/raydragneel/herayaf/codeigniter/gendis_desa/system/CodeIgniter.php(312): CodeIgniter\CodeIgniter->handleRequest()
#9 /home/raydragneel/herayaf/codeigniter/gendis_desa/public/index.php(45): CodeIgniter\CodeIgniter->run()
#10 /home/raydragneel/herayaf/codeigniter/gendis_desa/system/Commands/Server/rewrite.php(34): require_once('/home/raydragne...')
#11 {main}
CRITICAL - 2020-10-11 00:18:49 --> Illegal string offset 'no_kk'
#0 /home/raydragneel/herayaf/codeigniter/gendis_desa/app/Controllers/DashboardController.php(37): CodeIgniter\Debug\Exceptions->errorHandler()
#1 /home/raydragneel/herayaf/codeigniter/gendis_desa/system/CodeIgniter.php(918): App\Controllers\DashboardController->show()
#2 /home/raydragneel/herayaf/codeigniter/gendis_desa/system/CodeIgniter.php(404): CodeIgniter\CodeIgniter->runController()
#3 /home/raydragneel/herayaf/codeigniter/gendis_desa/system/CodeIgniter.php(312): CodeIgniter\CodeIgniter->handleRequest()
#4 /home/raydragneel/herayaf/codeigniter/gendis_desa/public/index.php(45): CodeIgniter\CodeIgniter->run()
#5 /home/raydragneel/herayaf/codeigniter/gendis_desa/system/Commands/Server/rewrite.php(34): require_once('/home/raydragne...')
#6 {main}
CRITICAL - 2020-10-11 00:20:11 --> Undefined variable: difabels
#0 /home/raydragneel/herayaf/codeigniter/gendis_desa/app/Controllers/DashboardController.php(37): CodeIgniter\Debug\Exceptions->errorHandler()
#1 /home/raydragneel/herayaf/codeigniter/gendis_desa/system/CodeIgniter.php(918): App\Controllers\DashboardController->show()
#2 /home/raydragneel/herayaf/codeigniter/gendis_desa/system/CodeIgniter.php(404): CodeIgniter\CodeIgniter->runController()
#3 /home/raydragneel/herayaf/codeigniter/gendis_desa/system/CodeIgniter.php(312): CodeIgniter\CodeIgniter->handleRequest()
#4 /home/raydragneel/herayaf/codeigniter/gendis_desa/public/index.php(45): CodeIgniter\CodeIgniter->run()
#5 /home/raydragneel/herayaf/codeigniter/gendis_desa/system/Commands/Server/rewrite.php(34): require_once('/home/raydragne...')
#6 {main}
CRITICAL - 2020-10-11 00:26:25 --> You have an error in your SQL syntax; check the manual that corresponds to your MariaDB server version for the right syntax to use near 'IS NULL
 LIMIT 1' at line 3
#0 /home/raydragneel/herayaf/codeigniter/gendis_desa/system/Database/MySQLi/Connection.php(331): mysqli->query()
#1 /home/raydragneel/herayaf/codeigniter/gendis_desa/system/Database/BaseConnection.php(741): CodeIgniter\Database\MySQLi\Connection->execute()
#2 /home/raydragneel/herayaf/codeigniter/gendis_desa/system/Database/BaseConnection.php(669): CodeIgniter\Database\BaseConnection->simpleQuery()
#3 /home/raydragneel/herayaf/codeigniter/gendis_desa/system/Database/BaseBuilder.php(1860): CodeIgniter\Database\BaseConnection->query()
#4 /home/raydragneel/herayaf/codeigniter/gendis_desa/system/Model.php(506): CodeIgniter\Database\BaseBuilder->get()
#5 /home/raydragneel/herayaf/codeigniter/gendis_desa/app/Models/DifabelModel.php(27): CodeIgniter\Model->first()
#6 /home/raydragneel/herayaf/codeigniter/gendis_desa/app/Controllers/DashboardController.php(45): App\Models\DifabelModel->getDifabel()
#7 /home/raydragneel/herayaf/codeigniter/gendis_desa/system/CodeIgniter.php(918): App\Controllers\DashboardController->cek_status()
#8 /home/raydragneel/herayaf/codeigniter/gendis_desa/system/CodeIgniter.php(404): CodeIgniter\CodeIgniter->runController()
#9 /home/raydragneel/herayaf/codeigniter/gendis_desa/system/CodeIgniter.php(312): CodeIgniter\CodeIgniter->handleRequest()
#10 /home/raydragneel/herayaf/codeigniter/gendis_desa/public/index.php(45): CodeIgniter\CodeIgniter->run()
#11 /home/raydragneel/herayaf/codeigniter/gendis_desa/system/Commands/Server/rewrite.php(34): require_once('/home/raydragne...')
#12 {main}
CRITICAL - 2020-10-11 00:26:47 --> Illegal offset type
#0 /home/raydragneel/herayaf/codeigniter/gendis_desa/system/Database/BaseBuilder.php(769): CodeIgniter\Debug\Exceptions->errorHandler()
#1 /home/raydragneel/herayaf/codeigniter/gendis_desa/system/Database/BaseBuilder.php(725): CodeIgniter\Database\BaseBuilder->whereHaving()
#2 /home/raydragneel/herayaf/codeigniter/gendis_desa/system/Model.php(1818): CodeIgniter\Database\BaseBuilder->where()
#3 /home/raydragneel/herayaf/codeigniter/gendis_desa/app/Models/DifabelModel.php(27): CodeIgniter\Model->__call()
#4 /home/raydragneel/herayaf/codeigniter/gendis_desa/app/Controllers/DashboardController.php(45): App\Models\DifabelModel->getDifabel()
#5 /home/raydragneel/herayaf/codeigniter/gendis_desa/system/CodeIgniter.php(918): App\Controllers\DashboardController->cek_status()
#6 /home/raydragneel/herayaf/codeigniter/gendis_desa/system/CodeIgniter.php(404): CodeIgniter\CodeIgniter->runController()
#7 /home/raydragneel/herayaf/codeigniter/gendis_desa/system/CodeIgniter.php(312): CodeIgniter\CodeIgniter->handleRequest()
#8 /home/raydragneel/herayaf/codeigniter/gendis_desa/public/index.php(45): CodeIgniter\CodeIgniter->run()
#9 /home/raydragneel/herayaf/codeigniter/gendis_desa/system/Commands/Server/rewrite.php(34): require_once('/home/raydragne...')
#10 {main}
